<?xml version="1.0" encoding="UTF-8"?>
<!-- Generated by org.testng.reporters.JUnitReportReporter -->
<testsuite hostname="adalvi-mbpro" failures="0" tests="2" name="com.qa.tests.LoginTests" time="18.067" errors="0" timestamp="2023-10-09T13:38:49 CDT" skipped="0">
  <testcase classname="com.qa.tests.LoginTests" name="invalidUserName" time="0.177"/>
  <system-out/>
  <testcase classname="com.qa.tests.LoginTests" name="LoginTest" time="17.890"/>
  <system-out/>
</testsuite> <!-- com.qa.tests.LoginTests -->
