<?xml version="1.0" encoding="UTF-8"?>
<!-- Generated by org.testng.reporters.JUnitReportReporter -->
<testsuite hostname="adalvi-mbpro" failures="0" tests="1" name="com.qa.tests.AppIntro" time="74.731" errors="0" timestamp="2023-10-07T23:10:19 CDT" skipped="0">
  <testcase classname="com.qa.tests.AppIntro" name="appIntroScreens" time="74.731"/>
  <system-out/>
</testsuite> <!-- com.qa.tests.AppIntro -->
