<?xml version="1.0" encoding="UTF-8"?>
<!-- Generated by org.testng.reporters.JUnitReportReporter -->
<testsuite hostname="adalvi-mbpro" failures="0" tests="1" name="com.mobile.auto.tests.AppIntro" time="49.656" errors="0" timestamp="2023-07-13T09:37:31 CDT" skipped="0">
  <testcase classname="com.mobile.auto.tests.AppIntro" name="appIntroScreens" time="49.656"/>
  <system-out/>
</testsuite> <!-- com.mobile.auto.tests.AppIntro -->
